# JRE version: Java(TM) SE Runtime Environment (8.0_271-b09) (build 1.8.0_271-b09)
# Java VM: Java HotSpot(TM) 64-Bit Server VM (25.271-b09 mixed mode windows-amd64 compressed oops)
Heap:
 PSYoungGen      total 141824K, used 10751K [0x000000076af80000, 0x0000000774480000, 0x00000007c0000000)
  eden space 131072K, 0% used [0x000000076af80000,0x000000076af80000,0x0000000772f80000)
  from space 10752K, 99% used [0x0000000773a00000,0x000000077447fe50,0x0000000774480000)
  to   space 10752K, 0% used [0x0000000772f80000,0x0000000772f80000,0x0000000773a00000)
 ParOldGen       total 175104K, used 158701K [0x00000006c0e00000, 0x00000006cb900000, 0x000000076af80000)
  object space 175104K, 90% used [0x00000006c0e00000,0x00000006ca8fb658,0x00000006cb900000)
 Metaspace       used 17255K, capacity 17428K, committed 17536K, reserved 1064960K
  class space    used 2002K, capacity 2118K, committed 2176K, reserved 1048576K
GC Heap History (9 events):
Event: 1.538 GC heap before
{Heap before GC invocations=1 (full 0):
 PSYoungGen      total 76288K, used 51466K [0x000000076af80000, 0x0000000770480000, 0x00000007c0000000)
  eden space 65536K, 78% used [0x000000076af80000,0x000000076e1c2bc0,0x000000076ef80000)
  from space 10752K, 0% used [0x000000076fa00000,0x000000076fa00000,0x0000000770480000)
  to   space 10752K, 0% used [0x000000076ef80000,0x000000076ef80000,0x000000076fa00000)
 ParOldGen       total 175104K, used 0K [0x00000006c0e00000, 0x00000006cb900000, 0x000000076af80000)
  object space 175104K, 0% used [0x00000006c0e00000,0x00000006c0e00000,0x00000006cb900000)
 Metaspace       used 12856K, capacity 13044K, committed 13184K, reserved 1060864K
  class space    used 1472K, capacity 1574K, committed 1664K, reserved 1048576K
Event: 1.546 GC heap after
Heap after GC invocations=1 (full 0):
 PSYoungGen      total 76288K, used 7052K [0x000000076af80000, 0x0000000770480000, 0x00000007c0000000)
  eden space 65536K, 0% used [0x000000076af80000,0x000000076af80000,0x000000076ef80000)
  from space 10752K, 65% used [0x000000076ef80000,0x000000076f663268,0x000000076fa00000)
  to   space 10752K, 0% used [0x000000076fa00000,0x000000076fa00000,0x0000000770480000)
 ParOldGen       total 175104K, used 24K [0x00000006c0e00000, 0x00000006cb900000, 0x000000076af80000)
  object space 175104K, 0% used [0x00000006c0e00000,0x00000006c0e06000,0x00000006cb900000)
 Metaspace       used 12856K, capacity 13044K, committed 13184K, reserved 1060864K
  class space    used 1472K, capacity 1574K, committed 1664K, reserved 1048576K
}
Event: 1.773 GC heap before
{Heap before GC invocations=2 (full 0):
 PSYoungGen      total 76288K, used 69071K [0x000000076af80000, 0x0000000770480000, 0x00000007c0000000)
  eden space 65536K, 94% used [0x000000076af80000,0x000000076ec10cc8,0x000000076ef80000)
  from space 10752K, 65% used [0x000000076ef80000,0x000000076f663268,0x000000076fa00000)
  to   space 10752K, 0% used [0x000000076fa00000,0x000000076fa00000,0x0000000770480000)
 ParOldGen       total 175104K, used 24K [0x00000006c0e00000, 0x00000006cb900000, 0x000000076af80000)
  object space 175104K, 0% used [0x00000006c0e00000,0x00000006c0e06000,0x00000006cb900000)
 Metaspace       used 12879K, capacity 13044K, committed 13184K, reserved 1060864K
  class space    used 1472K, capacity 1574K, committed 1664K, reserved 1048576K
Event: 1.791 GC heap after
Heap after GC invocations=2 (full 0):
 PSYoungGen      total 76288K, used 3992K [0x000000076af80000, 0x0000000774480000, 0x00000007c0000000)
  eden space 65536K, 0% used [0x000000076af80000,0x000000076af80000,0x000000076ef80000)
  from space 10752K, 37% used [0x000000076fa00000,0x000000076fde6010,0x0000000770480000)
  to   space 10752K, 0% used [0x000000076ef80000,0x000000076ef80000,0x000000076fa00000)
 ParOldGen       total 175104K, used 30107K [0x00000006c0e00000, 0x00000006cb900000, 0x000000076af80000)
  object space 175104K, 17% used [0x00000006c0e00000,0x00000006c2b66c48,0x00000006cb900000)
 Metaspace       used 12879K, capacity 13044K, committed 13184K, reserved 1060864K
  class space    used 1472K, capacity 1574K, committed 1664K, reserved 1048576K
}
Event: 2.178 GC heap before
{Heap before GC invocations=3 (full 0):
 PSYoungGen      total 76288K, used 69424K [0x000000076af80000, 0x0000000774480000, 0x00000007c0000000)
  eden space 65536K, 99% used [0x000000076af80000,0x000000076ef661d8,0x000000076ef80000)
  from space 10752K, 37% used [0x000000076fa00000,0x000000076fde6010,0x0000000770480000)
  to   space 10752K, 0% used [0x000000076ef80000,0x000000076ef80000,0x000000076fa00000)
 ParOldGen       total 175104K, used 30107K [0x00000006c0e00000, 0x00000006cb900000, 0x000000076af80000)
  object space 175104K, 17% used [0x00000006c0e00000,0x00000006c2b66c48,0x00000006cb900000)
 Metaspace       used 16557K, capacity 16724K, committed 16896K, reserved 1064960K
  class space    used 1906K, capacity 1990K, committed 2048K, reserved 1048576K
Event: 2.198 GC heap after
Heap after GC invocations=3 (full 0):
 PSYoungGen      total 76288K, used 7421K [0x000000076af80000, 0x0000000774480000, 0x00000007c0000000)
  eden space 65536K, 0% used [0x000000076af80000,0x000000076af80000,0x000000076ef80000)
  from space 10752K, 69% used [0x000000076ef80000,0x000000076f6bf468,0x000000076fa00000)
  to   space 10752K, 0% used [0x0000000773a00000,0x0000000773a00000,0x0000000774480000)
 ParOldGen       total 175104K, used 53338K [0x00000006c0e00000, 0x00000006cb900000, 0x000000076af80000)
  object space 175104K, 30% used [0x00000006c0e00000,0x00000006c4216990,0x00000006cb900000)
 Metaspace       used 16557K, capacity 16724K, committed 16896K, reserved 1064960K
  class space    used 1906K, capacity 1990K, committed 2048K, reserved 1048576K
}
Event: 2.558 GC heap before
{Heap before GC invocations=4 (full 0):
 PSYoungGen      total 76288K, used 72957K [0x000000076af80000, 0x0000000774480000, 0x00000007c0000000)
  eden space 65536K, 100% used [0x000000076af80000,0x000000076ef80000,0x000000076ef80000)
  from space 10752K, 69% used [0x000000076ef80000,0x000000076f6bf468,0x000000076fa00000)
  to   space 10752K, 0% used [0x0000000773a00000,0x0000000773a00000,0x0000000774480000)
 ParOldGen       total 175104K, used 53338K [0x00000006c0e00000, 0x00000006cb900000, 0x000000076af80000)
  object space 175104K, 30% used [0x00000006c0e00000,0x00000006c4216990,0x00000006cb900000)
 Metaspace       used 17255K, capacity 17428K, committed 17536K, reserved 1064960K
  class space    used 2002K, capacity 2118K, committed 2176K, reserved 1048576K
Event: 2.615 GC heap after
Heap after GC invocations=4 (full 0):
 PSYoungGen      total 141824K, used 10751K [0x000000076af80000, 0x0000000774480000, 0x00000007c0000000)
  eden space 131072K, 0% used [0x000000076af80000,0x000000076af80000,0x0000000772f80000)
  from space 10752K, 99% used [0x0000000773a00000,0x000000077447fe50,0x0000000774480000)
  to   space 10752K, 0% used [0x0000000772f80000,0x0000000772f80000,0x0000000773a00000)
 ParOldGen       total 175104K, used 158701K [0x00000006c0e00000, 0x00000006cb900000, 0x000000076af80000)
  object space 175104K, 90% used [0x00000006c0e00000,0x00000006ca8fb658,0x00000006cb900000)
 Metaspace       used 17255K, capacity 17428K, committed 17536K, reserved 1064960K
  class space    used 2002K, capacity 2118K, committed 2176K, reserved 1048576K
}
Event: 2.615 GC heap before
{Heap before GC invocations=5 (full 1):
 PSYoungGen      total 141824K, used 10751K [0x000000076af80000, 0x0000000774480000, 0x00000007c0000000)
  eden space 131072K, 0% used [0x000000076af80000,0x000000076af80000,0x0000000772f80000)
  from space 10752K, 99% used [0x0000000773a00000,0x000000077447fe50,0x0000000774480000)
  to   space 10752K, 0% used [0x0000000772f80000,0x0000000772f80000,0x0000000773a00000)
 ParOldGen       total 175104K, used 158701K [0x00000006c0e00000, 0x00000006cb900000, 0x000000076af80000)
  object space 175104K, 90% used [0x00000006c0e00000,0x00000006ca8fb658,0x00000006cb900000)
 Metaspace       used 17255K, capacity 17428K, committed 17536K, reserved 1064960K
  class space    used 2002K, capacity 2118K, committed 2176K, reserved 1048576K

